# compute-mfcc-feats --write-utt2dur=ark,t:exp/make_mfcc/train/utt2dur.18 --verbose=2 --config=conf/mfcc.conf scp,p:exp/make_mfcc/train/wav_train.18.scp ark:- | copy-feats --write-num-frames=ark,t:exp/make_mfcc/train/utt2num_frames.18 --compress=true ark:- ark,scp:/Users/home/Downloads/kaldi-master/egs/0mithesh/AS_numReco21/mfcc/raw_mfcc_train.18.ark,/Users/home/Downloads/kaldi-master/egs/0mithesh/AS_numReco21/mfcc/raw_mfcc_train.18.scp 
# Started at Sun Aug 22 17:14:19 IST 2021
#
copy-feats --write-num-frames=ark,t:exp/make_mfcc/train/utt2num_frames.18 --compress=true ark:- ark,scp:/Users/home/Downloads/kaldi-master/egs/0mithesh/AS_numReco21/mfcc/raw_mfcc_train.18.ark,/Users/home/Downloads/kaldi-master/egs/0mithesh/AS_numReco21/mfcc/raw_mfcc_train.18.scp 
compute-mfcc-feats --write-utt2dur=ark,t:exp/make_mfcc/train/utt2dur.18 --verbose=2 --config=conf/mfcc.conf scp,p:exp/make_mfcc/train/wav_train.18.scp ark:- 
VLOG[2] (compute-mfcc-feats[5.5]:main():compute-mfcc-feats.cc:182) Processed features for key AS017M0065
VLOG[2] (compute-mfcc-feats[5.5]:main():compute-mfcc-feats.cc:182) Processed features for key AS017M0066
VLOG[2] (compute-mfcc-feats[5.5]:main():compute-mfcc-feats.cc:182) Processed features for key AS017M0067
VLOG[2] (compute-mfcc-feats[5.5]:main():compute-mfcc-feats.cc:182) Processed features for key AS017M0068
VLOG[2] (compute-mfcc-feats[5.5]:main():compute-mfcc-feats.cc:182) Processed features for key AS017M0069
VLOG[2] (compute-mfcc-feats[5.5]:main():compute-mfcc-feats.cc:182) Processed features for key AS017M0070
VLOG[2] (compute-mfcc-feats[5.5]:main():compute-mfcc-feats.cc:182) Processed features for key AS017M0071
VLOG[2] (compute-mfcc-feats[5.5]:main():compute-mfcc-feats.cc:182) Processed features for key AS017M0072
VLOG[2] (compute-mfcc-feats[5.5]:main():compute-mfcc-feats.cc:182) Processed features for key AS017M0073
LOG (compute-mfcc-feats[5.5]:main():compute-mfcc-feats.cc:181) Processed 10 utterances
VLOG[2] (compute-mfcc-feats[5.5]:main():compute-mfcc-feats.cc:182) Processed features for key AS017M0074
VLOG[2] (compute-mfcc-feats[5.5]:main():compute-mfcc-feats.cc:182) Processed features for key AS017M0075
VLOG[2] (compute-mfcc-feats[5.5]:main():compute-mfcc-feats.cc:182) Processed features for key AS017M0076
VLOG[2] (compute-mfcc-feats[5.5]:main():compute-mfcc-feats.cc:182) Processed features for key AS017M0077
VLOG[2] (compute-mfcc-feats[5.5]:main():compute-mfcc-feats.cc:182) Processed features for key AS017M0078
VLOG[2] (compute-mfcc-feats[5.5]:main():compute-mfcc-feats.cc:182) Processed features for key AS017M0079
VLOG[2] (compute-mfcc-feats[5.5]:main():compute-mfcc-feats.cc:182) Processed features for key AS017M0080
VLOG[2] (compute-mfcc-feats[5.5]:main():compute-mfcc-feats.cc:182) Processed features for key AS018F0001
VLOG[2] (compute-mfcc-feats[5.5]:main():compute-mfcc-feats.cc:182) Processed features for key AS018F0002
VLOG[2] (compute-mfcc-feats[5.5]:main():compute-mfcc-feats.cc:182) Processed features for key AS018F0003
LOG (compute-mfcc-feats[5.5]:main():compute-mfcc-feats.cc:181) Processed 20 utterances
VLOG[2] (compute-mfcc-feats[5.5]:main():compute-mfcc-feats.cc:182) Processed features for key AS018F0004
VLOG[2] (compute-mfcc-feats[5.5]:main():compute-mfcc-feats.cc:182) Processed features for key AS018F0005
VLOG[2] (compute-mfcc-feats[5.5]:main():compute-mfcc-feats.cc:182) Processed features for key AS018F0006
VLOG[2] (compute-mfcc-feats[5.5]:main():compute-mfcc-feats.cc:182) Processed features for key AS018F0007
VLOG[2] (compute-mfcc-feats[5.5]:main():compute-mfcc-feats.cc:182) Processed features for key AS018F0008
VLOG[2] (compute-mfcc-feats[5.5]:main():compute-mfcc-feats.cc:182) Processed features for key AS018F0009
VLOG[2] (compute-mfcc-feats[5.5]:main():compute-mfcc-feats.cc:182) Processed features for key AS018F0010
VLOG[2] (compute-mfcc-feats[5.5]:main():compute-mfcc-feats.cc:182) Processed features for key AS018F0011
VLOG[2] (compute-mfcc-feats[5.5]:main():compute-mfcc-feats.cc:182) Processed features for key AS018F0012
VLOG[2] (compute-mfcc-feats[5.5]:main():compute-mfcc-feats.cc:182) Processed features for key AS018F0013
LOG (compute-mfcc-feats[5.5]:main():compute-mfcc-feats.cc:181) Processed 30 utterances
VLOG[2] (compute-mfcc-feats[5.5]:main():compute-mfcc-feats.cc:182) Processed features for key AS018F0014
VLOG[2] (compute-mfcc-feats[5.5]:main():compute-mfcc-feats.cc:182) Processed features for key AS018F0015
VLOG[2] (compute-mfcc-feats[5.5]:main():compute-mfcc-feats.cc:182) Processed features for key AS018F0016
LOG (compute-mfcc-feats[5.5]:main():compute-mfcc-feats.cc:185)  Done 32 out of 32 utterances.
LOG (copy-feats[5.5]:main():copy-feats.cc:143) Copied 32 feature matrices.
# Accounting: time=1 threads=1
# Ended (code 0) at Sun Aug 22 17:14:20 IST 2021, elapsed time 1 seconds
