# compute-mfcc-feats --write-utt2dur=ark,t:exp/make_mfcc/train/utt2dur.20 --verbose=2 --config=conf/mfcc.conf scp,p:exp/make_mfcc/train/wav_train.20.scp ark:- | copy-feats --write-num-frames=ark,t:exp/make_mfcc/train/utt2num_frames.20 --compress=true ark:- ark,scp:/Users/home/Downloads/kaldi-master/egs/0mithesh/AS_numReco21/mfcc/raw_mfcc_train.20.ark,/Users/home/Downloads/kaldi-master/egs/0mithesh/AS_numReco21/mfcc/raw_mfcc_train.20.scp 
# Started at Sun Aug 22 17:14:20 IST 2021
#
copy-feats --write-num-frames=ark,t:exp/make_mfcc/train/utt2num_frames.20 --compress=true ark:- ark,scp:/Users/home/Downloads/kaldi-master/egs/0mithesh/AS_numReco21/mfcc/raw_mfcc_train.20.ark,/Users/home/Downloads/kaldi-master/egs/0mithesh/AS_numReco21/mfcc/raw_mfcc_train.20.scp 
compute-mfcc-feats --write-utt2dur=ark,t:exp/make_mfcc/train/utt2dur.20 --verbose=2 --config=conf/mfcc.conf scp,p:exp/make_mfcc/train/wav_train.20.scp ark:- 
VLOG[2] (compute-mfcc-feats[5.5]:main():compute-mfcc-feats.cc:182) Processed features for key AS018F0049
VLOG[2] (compute-mfcc-feats[5.5]:main():compute-mfcc-feats.cc:182) Processed features for key AS018F0050
VLOG[2] (compute-mfcc-feats[5.5]:main():compute-mfcc-feats.cc:182) Processed features for key AS018F0051
VLOG[2] (compute-mfcc-feats[5.5]:main():compute-mfcc-feats.cc:182) Processed features for key AS018F0052
VLOG[2] (compute-mfcc-feats[5.5]:main():compute-mfcc-feats.cc:182) Processed features for key AS018F0053
VLOG[2] (compute-mfcc-feats[5.5]:main():compute-mfcc-feats.cc:182) Processed features for key AS018F0054
VLOG[2] (compute-mfcc-feats[5.5]:main():compute-mfcc-feats.cc:182) Processed features for key AS018F0055
VLOG[2] (compute-mfcc-feats[5.5]:main():compute-mfcc-feats.cc:182) Processed features for key AS018F0056
VLOG[2] (compute-mfcc-feats[5.5]:main():compute-mfcc-feats.cc:182) Processed features for key AS018F0057
LOG (compute-mfcc-feats[5.5]:main():compute-mfcc-feats.cc:181) Processed 10 utterances
VLOG[2] (compute-mfcc-feats[5.5]:main():compute-mfcc-feats.cc:182) Processed features for key AS018F0058
VLOG[2] (compute-mfcc-feats[5.5]:main():compute-mfcc-feats.cc:182) Processed features for key AS018F0059
VLOG[2] (compute-mfcc-feats[5.5]:main():compute-mfcc-feats.cc:182) Processed features for key AS018F0060
VLOG[2] (compute-mfcc-feats[5.5]:main():compute-mfcc-feats.cc:182) Processed features for key AS018F0061
VLOG[2] (compute-mfcc-feats[5.5]:main():compute-mfcc-feats.cc:182) Processed features for key AS018F0062
VLOG[2] (compute-mfcc-feats[5.5]:main():compute-mfcc-feats.cc:182) Processed features for key AS018F0063
VLOG[2] (compute-mfcc-feats[5.5]:main():compute-mfcc-feats.cc:182) Processed features for key AS018F0064
VLOG[2] (compute-mfcc-feats[5.5]:main():compute-mfcc-feats.cc:182) Processed features for key AS018F0065
VLOG[2] (compute-mfcc-feats[5.5]:main():compute-mfcc-feats.cc:182) Processed features for key AS018F0066
VLOG[2] (compute-mfcc-feats[5.5]:main():compute-mfcc-feats.cc:182) Processed features for key AS018F0067
LOG (compute-mfcc-feats[5.5]:main():compute-mfcc-feats.cc:181) Processed 20 utterances
VLOG[2] (compute-mfcc-feats[5.5]:main():compute-mfcc-feats.cc:182) Processed features for key AS018F0068
VLOG[2] (compute-mfcc-feats[5.5]:main():compute-mfcc-feats.cc:182) Processed features for key AS018F0069
VLOG[2] (compute-mfcc-feats[5.5]:main():compute-mfcc-feats.cc:182) Processed features for key AS018F0070
VLOG[2] (compute-mfcc-feats[5.5]:main():compute-mfcc-feats.cc:182) Processed features for key AS018F0071
VLOG[2] (compute-mfcc-feats[5.5]:main():compute-mfcc-feats.cc:182) Processed features for key AS018F0072
VLOG[2] (compute-mfcc-feats[5.5]:main():compute-mfcc-feats.cc:182) Processed features for key AS018F0073
VLOG[2] (compute-mfcc-feats[5.5]:main():compute-mfcc-feats.cc:182) Processed features for key AS018F0074
VLOG[2] (compute-mfcc-feats[5.5]:main():compute-mfcc-feats.cc:182) Processed features for key AS018F0075
VLOG[2] (compute-mfcc-feats[5.5]:main():compute-mfcc-feats.cc:182) Processed features for key AS018F0076
VLOG[2] (compute-mfcc-feats[5.5]:main():compute-mfcc-feats.cc:182) Processed features for key AS018F0077
LOG (compute-mfcc-feats[5.5]:main():compute-mfcc-feats.cc:181) Processed 30 utterances
VLOG[2] (compute-mfcc-feats[5.5]:main():compute-mfcc-feats.cc:182) Processed features for key AS018F0078
VLOG[2] (compute-mfcc-feats[5.5]:main():compute-mfcc-feats.cc:182) Processed features for key AS018F0079
VLOG[2] (compute-mfcc-feats[5.5]:main():compute-mfcc-feats.cc:182) Processed features for key AS018F0080
LOG (compute-mfcc-feats[5.5]:main():compute-mfcc-feats.cc:185)  Done 32 out of 32 utterances.
LOG (copy-feats[5.5]:main():copy-feats.cc:143) Copied 32 feature matrices.
# Accounting: time=1 threads=1
# Ended (code 0) at Sun Aug 22 17:14:21 IST 2021, elapsed time 1 seconds
