# compute-mfcc-feats --write-utt2dur=ark,t:exp/make_mfcc/train/utt2dur.2 --verbose=2 --config=conf/mfcc.conf scp,p:exp/make_mfcc/train/wav_train.2.scp ark:- | copy-feats --write-num-frames=ark,t:exp/make_mfcc/train/utt2num_frames.2 --compress=true ark:- ark,scp:/Users/home/Downloads/kaldi-master/egs/0mithesh/AS_numReco21/mfcc/raw_mfcc_train.2.ark,/Users/home/Downloads/kaldi-master/egs/0mithesh/AS_numReco21/mfcc/raw_mfcc_train.2.scp 
# Started at Sun Aug 22 17:14:13 IST 2021
#
compute-mfcc-feats --write-utt2dur=ark,t:exp/make_mfcc/train/utt2dur.2 --verbose=2 --config=conf/mfcc.conf scp,p:exp/make_mfcc/train/wav_train.2.scp ark:- 
copy-feats --write-num-frames=ark,t:exp/make_mfcc/train/utt2num_frames.2 --compress=true ark:- ark,scp:/Users/home/Downloads/kaldi-master/egs/0mithesh/AS_numReco21/mfcc/raw_mfcc_train.2.ark,/Users/home/Downloads/kaldi-master/egs/0mithesh/AS_numReco21/mfcc/raw_mfcc_train.2.scp 
VLOG[2] (compute-mfcc-feats[5.5]:main():compute-mfcc-feats.cc:182) Processed features for key AS011M0033
VLOG[2] (compute-mfcc-feats[5.5]:main():compute-mfcc-feats.cc:182) Processed features for key AS011M0034
VLOG[2] (compute-mfcc-feats[5.5]:main():compute-mfcc-feats.cc:182) Processed features for key AS011M0035
VLOG[2] (compute-mfcc-feats[5.5]:main():compute-mfcc-feats.cc:182) Processed features for key AS011M0036
VLOG[2] (compute-mfcc-feats[5.5]:main():compute-mfcc-feats.cc:182) Processed features for key AS011M0037
VLOG[2] (compute-mfcc-feats[5.5]:main():compute-mfcc-feats.cc:182) Processed features for key AS011M0038
VLOG[2] (compute-mfcc-feats[5.5]:main():compute-mfcc-feats.cc:182) Processed features for key AS011M0039
VLOG[2] (compute-mfcc-feats[5.5]:main():compute-mfcc-feats.cc:182) Processed features for key AS011M0040
VLOG[2] (compute-mfcc-feats[5.5]:main():compute-mfcc-feats.cc:182) Processed features for key AS011M0041
LOG (compute-mfcc-feats[5.5]:main():compute-mfcc-feats.cc:181) Processed 10 utterances
VLOG[2] (compute-mfcc-feats[5.5]:main():compute-mfcc-feats.cc:182) Processed features for key AS011M0042
VLOG[2] (compute-mfcc-feats[5.5]:main():compute-mfcc-feats.cc:182) Processed features for key AS011M0043
VLOG[2] (compute-mfcc-feats[5.5]:main():compute-mfcc-feats.cc:182) Processed features for key AS011M0044
VLOG[2] (compute-mfcc-feats[5.5]:main():compute-mfcc-feats.cc:182) Processed features for key AS011M0045
VLOG[2] (compute-mfcc-feats[5.5]:main():compute-mfcc-feats.cc:182) Processed features for key AS011M0046
VLOG[2] (compute-mfcc-feats[5.5]:main():compute-mfcc-feats.cc:182) Processed features for key AS011M0047
VLOG[2] (compute-mfcc-feats[5.5]:main():compute-mfcc-feats.cc:182) Processed features for key AS011M0048
VLOG[2] (compute-mfcc-feats[5.5]:main():compute-mfcc-feats.cc:182) Processed features for key AS011M0049
VLOG[2] (compute-mfcc-feats[5.5]:main():compute-mfcc-feats.cc:182) Processed features for key AS011M0050
VLOG[2] (compute-mfcc-feats[5.5]:main():compute-mfcc-feats.cc:182) Processed features for key AS011M0051
LOG (compute-mfcc-feats[5.5]:main():compute-mfcc-feats.cc:181) Processed 20 utterances
VLOG[2] (compute-mfcc-feats[5.5]:main():compute-mfcc-feats.cc:182) Processed features for key AS011M0052
VLOG[2] (compute-mfcc-feats[5.5]:main():compute-mfcc-feats.cc:182) Processed features for key AS011M0053
VLOG[2] (compute-mfcc-feats[5.5]:main():compute-mfcc-feats.cc:182) Processed features for key AS011M0054
VLOG[2] (compute-mfcc-feats[5.5]:main():compute-mfcc-feats.cc:182) Processed features for key AS011M0055
VLOG[2] (compute-mfcc-feats[5.5]:main():compute-mfcc-feats.cc:182) Processed features for key AS011M0056
VLOG[2] (compute-mfcc-feats[5.5]:main():compute-mfcc-feats.cc:182) Processed features for key AS011M0057
VLOG[2] (compute-mfcc-feats[5.5]:main():compute-mfcc-feats.cc:182) Processed features for key AS011M0058
VLOG[2] (compute-mfcc-feats[5.5]:main():compute-mfcc-feats.cc:182) Processed features for key AS011M0059
VLOG[2] (compute-mfcc-feats[5.5]:main():compute-mfcc-feats.cc:182) Processed features for key AS011M0060
VLOG[2] (compute-mfcc-feats[5.5]:main():compute-mfcc-feats.cc:182) Processed features for key AS011M0061
LOG (compute-mfcc-feats[5.5]:main():compute-mfcc-feats.cc:181) Processed 30 utterances
VLOG[2] (compute-mfcc-feats[5.5]:main():compute-mfcc-feats.cc:182) Processed features for key AS011M0062
VLOG[2] (compute-mfcc-feats[5.5]:main():compute-mfcc-feats.cc:182) Processed features for key AS011M0063
VLOG[2] (compute-mfcc-feats[5.5]:main():compute-mfcc-feats.cc:182) Processed features for key AS011M0064
LOG (compute-mfcc-feats[5.5]:main():compute-mfcc-feats.cc:185)  Done 32 out of 32 utterances.
LOG (copy-feats[5.5]:main():copy-feats.cc:143) Copied 32 feature matrices.
# Accounting: time=2 threads=1
# Ended (code 0) at Sun Aug 22 17:14:15 IST 2021, elapsed time 2 seconds
